2002.05.29 21:55 B C:\Documents and Settings\bubikopf\My Documents\Mes sites Web\pool_2002\biner.jpe <-- atlas.sca.uqam.ca /maia/biner/public_html/pool_2002 biner.jpe
2002.05.29 21:56 B C:\Documents and Settings\bubikopf\My Documents\Mes sites Web\pool_2002\biner_190x148.JPG <-- atlas.sca.uqam.ca /maia/biner/public_html/pool_2002 biner_190x148.JPG
2002.05.29 21:56 B C:\Documents and Settings\bubikopf\My Documents\Mes sites Web\pool_2002\choix.html <-- atlas.sca.uqam.ca /maia/biner/public_html/pool_2002 choix.html
2002.05.29 21:56 B C:\Documents and Settings\bubikopf\My Documents\Mes sites Web\pool_2002\choix.html~ <-- atlas.sca.uqam.ca /maia/biner/public_html/pool_2002 choix.html~
2002.05.29 21:56 B C:\Documents and Settings\bubikopf\My Documents\Mes sites Web\pool_2002\choix_v2.html <-- atlas.sca.uqam.ca /maia/biner/public_html/pool_2002 choix_v2.html
2002.05.29 21:56 B C:\Documents and Settings\bubikopf\My Documents\Mes sites Web\pool_2002\choix_v2.html~ <-- atlas.sca.uqam.ca /maia/biner/public_html/pool_2002 choix_v2.html~
2002.05.29 21:56 B C:\Documents and Settings\bubikopf\My Documents\Mes sites Web\pool_2002\classement.html <-- atlas.sca.uqam.ca /maia/biner/public_html/pool_2002 classement.html
2002.05.29 21:56 B C:\Documents and Settings\bubikopf\My Documents\Mes sites Web\pool_2002\classement.html~ <-- atlas.sca.uqam.ca /maia/biner/public_html/pool_2002 classement.html~
2002.05.29 21:56 B C:\Documents and Settings\bubikopf\My Documents\Mes sites Web\pool_2002\equipe_2.jpg <-- atlas.sca.uqam.ca /maia/biner/public_html/pool_2002 equipe_2.jpg
2002.05.29 21:56 B C:\Documents and Settings\bubikopf\My Documents\Mes sites Web\pool_2002\gino.gif <-- atlas.sca.uqam.ca /maia/biner/public_html/pool_2002 gino.gif
2002.05.29 21:56 B C:\Documents and Settings\bubikopf\My Documents\Mes sites Web\pool_2002\hockey.wav <-- atlas.sca.uqam.ca /maia/biner/public_html/pool_2002 hockey.wav
2002.05.29 21:57 B C:\Documents and Settings\bubikopf\My Documents\Mes sites Web\pool_2002\HOCKEYLNHCAN3C99514C.jpg <-- atlas.sca.uqam.ca /maia/biner/public_html/pool_2002 HOCKEYLNHCAN3C99514C.jpg
2002.05.29 21:57 B C:\Documents and Settings\bubikopf\My Documents\Mes sites Web\pool_2002\modele_choix_ze_pool.html <-- atlas.sca.uqam.ca /maia/biner/public_html/pool_2002 modele_choix_ze_pool.html
2002.05.29 21:57 B C:\Documents and Settings\bubikopf\My Documents\Mes sites Web\pool_2002\photo_ch.html <-- atlas.sca.uqam.ca /maia/biner/public_html/pool_2002 photo_ch.html
2002.05.29 21:57 B C:\Documents and Settings\bubikopf\My Documents\Mes sites Web\pool_2002\photoch.html <-- atlas.sca.uqam.ca /maia/biner/public_html/pool_2002 photoch.html
2002.05.29 21:57 B C:\Documents and Settings\bubikopf\My Documents\Mes sites Web\pool_2002\stanleycup.JPG <-- atlas.sca.uqam.ca /maia/biner/public_html/pool_2002 stanleycup.JPG
2002.05.29 21:57 B C:\Documents and Settings\bubikopf\My Documents\Mes sites Web\pool_2002\zepool.html <-- atlas.sca.uqam.ca /maia/biner/public_html/pool_2002 zepool.html
2002.05.29 21:57 B C:\Documents and Settings\bubikopf\My Documents\Mes sites Web\pool_2002\zepool.v2.html <-- atlas.sca.uqam.ca /maia/biner/public_html/pool_2002 zepool.v2.html
2002.05.29 21:57 B C:\Documents and Settings\bubikopf\My Documents\Mes sites Web\pool_2002\zepool_v2.html <-- atlas.sca.uqam.ca /maia/biner/public_html/pool_2002 zepool_v2.html
2002.05.29 21:57 B C:\Documents and Settings\bubikopf\My Documents\Mes sites Web\pool_2002\zepool_v2.html~ <-- atlas.sca.uqam.ca /maia/biner/public_html/pool_2002 zepool_v2.html~
2002.06.01 08:56 B C:\Documents and Settings\bubikopf\My Documents\Mes sites Web\pool_2002\classement.html --> atlas.sca.uqam.ca /maia/biner/public_html/pool_2002 classement.html
2002.06.01 08:56 A C:\Documents and Settings\bubikopf\My Documents\Mes sites Web\pool_2002\zepool_v2.html --> atlas.sca.uqam.ca /maia/biner/public_html/pool_2002 zepool_v2.html
2002.06.01 09:02 A C:\Documents and Settings\bubikopf\My Documents\Mes sites Web\pool_2002\classement.html --> atlas.sca.uqam.ca /maia/biner/public_html/pool_2002 classement.html
2002.06.01 09:02 A C:\Documents and Settings\bubikopf\My Documents\Mes sites Web\pool_2002\classement.html --> atlas.sca.uqam.ca /maia/biner/public_html/pool_2002 classement.html
2002.06.04 19:28 B C:\Documents and Settings\bubikopf\My Documents\Mes sites Web\pool_2002\zepool_v2.html <-- atlas.sca.uqam.ca /maia/biner/public_html/pool_2002 zepool_v2.html
2002.06.04 19:51 B C:\Documents and Settings\bubikopf\My Documents\Mes sites Web\pool_2002\choix.html --> atlas.sca.uqam.ca /maia/biner/public_html/pool_2002 choix.html
2002.06.04 19:52 B C:\Documents and Settings\bubikopf\My Documents\Mes sites Web\pool_2002\zepool_v2.html --> atlas.sca.uqam.ca /maia/biner/public_html/pool_2002 zepool_v2.html
2002.06.15 11:18 B C:\Documents and Settings\bubikopf\My Documents\Mes sites Web\pool_2002\classement.html --> atlas.sca.uqam.ca /maia/biner/public_html/pool_2002 classement.html
2002.06.15 11:18 B C:\Documents and Settings\bubikopf\My Documents\Mes sites Web\pool_2002\zepool_v2.html --> atlas.sca.uqam.ca /maia/biner/public_html/pool_2002 zepool_v2.html
2002.06.16 19:06 B C:\Documents and Settings\bubikopf\My Documents\Mes sites Web\pool_2002\zepool_v2.html --> atlas.sca.uqam.ca /maia/biner/public_html/pool_2002 zepool_v2.html
2003.06.20 11:21 B D:\dossier_partage_XP_linux\public_html\divers\pool_2002\biner.jpe --> atlas.sca.uqam.ca /maia/biner/public_html/divers/pool_2002 biner.jpe
2003.06.20 11:21 B D:\dossier_partage_XP_linux\public_html\divers\pool_2002\biner_190x148.JPG --> atlas.sca.uqam.ca /maia/biner/public_html/divers/pool_2002 biner_190x148.JPG
2003.06.20 11:21 B D:\dossier_partage_XP_linux\public_html\divers\pool_2002\choix.html --> atlas.sca.uqam.ca /maia/biner/public_html/divers/pool_2002 choix.html
2003.06.20 11:21 B D:\dossier_partage_XP_linux\public_html\divers\pool_2002\choix.html~ --> atlas.sca.uqam.ca /maia/biner/public_html/divers/pool_2002 choix.html~
2003.06.20 11:21 B D:\dossier_partage_XP_linux\public_html\divers\pool_2002\choix_v2.html --> atlas.sca.uqam.ca /maia/biner/public_html/divers/pool_2002 choix_v2.html
2003.06.20 11:21 B D:\dossier_partage_XP_linux\public_html\divers\pool_2002\choix_v2.html~ --> atlas.sca.uqam.ca /maia/biner/public_html/divers/pool_2002 choix_v2.html~
2003.06.20 11:21 B D:\dossier_partage_XP_linux\public_html\divers\pool_2002\classement.html --> atlas.sca.uqam.ca /maia/biner/public_html/divers/pool_2002 classement.html
2003.06.20 11:21 B D:\dossier_partage_XP_linux\public_html\divers\pool_2002\classement.html~ --> atlas.sca.uqam.ca /maia/biner/public_html/divers/pool_2002 classement.html~
2003.06.20 11:21 B D:\dossier_partage_XP_linux\public_html\divers\pool_2002\classement_n.htm --> atlas.sca.uqam.ca /maia/biner/public_html/divers/pool_2002 classement_n.htm
2003.06.20 11:21 B D:\dossier_partage_XP_linux\public_html\divers\pool_2002\classement_v.html --> atlas.sca.uqam.ca /maia/biner/public_html/divers/pool_2002 classement_v.html
2003.06.20 11:21 B D:\dossier_partage_XP_linux\public_html\divers\pool_2002\equipe_2.jpg --> atlas.sca.uqam.ca /maia/biner/public_html/divers/pool_2002 equipe_2.jpg
2003.06.20 11:21 B D:\dossier_partage_XP_linux\public_html\divers\pool_2002\gino.gif --> atlas.sca.uqam.ca /maia/biner/public_html/divers/pool_2002 gino.gif
2003.06.20 11:22 B D:\dossier_partage_XP_linux\public_html\divers\pool_2002\hockey.wav --> atlas.sca.uqam.ca /maia/biner/public_html/divers/pool_2002 hockey.wav
2003.06.20 11:22 B D:\dossier_partage_XP_linux\public_html\divers\pool_2002\HOCKEYLNHCAN3C99514C.jpg --> atlas.sca.uqam.ca /maia/biner/public_html/divers/pool_2002 HOCKEYLNHCAN3C99514C.jpg
2003.06.20 11:22 B D:\dossier_partage_XP_linux\public_html\divers\pool_2002\modele_choix_ze_pool.html --> atlas.sca.uqam.ca /maia/biner/public_html/divers/pool_2002 modele_choix_ze_pool.html
2003.06.20 11:22 B D:\dossier_partage_XP_linux\public_html\divers\pool_2002\photo_ch.html --> atlas.sca.uqam.ca /maia/biner/public_html/divers/pool_2002 photo_ch.html
2003.06.20 11:22 B D:\dossier_partage_XP_linux\public_html\divers\pool_2002\photoch.html --> atlas.sca.uqam.ca /maia/biner/public_html/divers/pool_2002 photoch.html
2003.06.20 11:22 B D:\dossier_partage_XP_linux\public_html\divers\pool_2002\stanleycup.JPG --> atlas.sca.uqam.ca /maia/biner/public_html/divers/pool_2002 stanleycup.JPG
2003.06.20 11:22 B D:\dossier_partage_XP_linux\public_html\divers\pool_2002\Thumbs.db --> atlas.sca.uqam.ca /maia/biner/public_html/divers/pool_2002 Thumbs.db
2003.06.20 11:22 B D:\dossier_partage_XP_linux\public_html\divers\pool_2002\ws_ftp.log --> atlas.sca.uqam.ca /maia/biner/public_html/divers/pool_2002 ws_ftp.log
2003.06.20 11:22 B D:\dossier_partage_XP_linux\public_html\divers\pool_2002\zepool.html --> atlas.sca.uqam.ca /maia/biner/public_html/divers/pool_2002 zepool.html
2003.06.20 11:22 B D:\dossier_partage_XP_linux\public_html\divers\pool_2002\zepool_v2.html --> atlas.sca.uqam.ca /maia/biner/public_html/divers/pool_2002 zepool_v2.html
2003.06.20 11:23 B D:\dossier_partage_XP_linux\public_html\divers\pool_2002\zepool_v2.html~ --> atlas.sca.uqam.ca /maia/biner/public_html/divers/pool_2002 zepool_v2.html~
